Success (1):
content 38496 _a-0000eb9e-312c-8000-9bf9-011c48011c48_746438 "JA_Test15"

Referenced precedents that were not exported (1):
content 38117 8f2718fa-a931-4f03-9491-6e0a528e3c36

Trace:
2024-04-02 03:02:58.002 DEBUG content 38496 _a-0000eb9e-312c-8000-9bf9-011c48011c48_746438 Begin transport.
2024-04-02 03:02:58.002 DEBUG content 38496 _a-0000eb9e-312c-8000-9bf9-011c48011c48_746438 Retrieving object data.
2024-04-02 03:02:58.015 DEBUG content 38496 _a-0000eb9e-312c-8000-9bf9-011c48011c48_746438 Setting uuids of object references.
2024-04-02 03:02:58.018 DEBUG content 38496 _a-0000eb9e-312c-8000-9bf9-011c48011c48_746438 Processing reference: [Content:id=38407,versionId=-1,name=JA_Test15,type=32,subtype=1,uuid=_a-0000eb9e-312c-8000-9bf9-011c48011c48_746438,parent=38117]
2024-04-02 03:02:58.022 DEBUG content 38496 _a-0000eb9e-312c-8000-9bf9-011c48011c48_746438 Processing reference: FreeformRule.forum
2024-04-02 03:02:58.026 DEBUG content 38496 _a-0000eb9e-312c-8000-9bf9-011c48011c48_746438 Processing reference: FreeformRule.parent
2024-04-02 03:02:58.034 DEBUG content 38496 _a-0000eb9e-312c-8000-9bf9-011c48011c48_746438 Processing reference: com.appiancorp.suiteapi.content.ContentRoleMap@7d3c8731[
  ContentRole[name=readers,inherit=true,allowForAll=false]
  ContentRole[name=authors,inherit=true,allowForAll=false]
  ContentRole[name=administrators,inherit=true,allowForAll=false]
  ContentRole[name=denyReaders,inherit=false,allowForAll=false]
  ContentRole[name=denyAuthors,inherit=false,allowForAll=false]
  ContentRole[name=denyAdministrators,inherit=false,allowForAll=false]
  securityVector=15:SEC_PUBLIC=true,SEC_CREATOR_ADMIN=false,SEC_INH_ADMIN=true,SEC_INH_EDITOR=true,SEC_INH_VIEWER=true,SEC_ALL_ADMIN=false,SEC_ALL_EDITOR=false,SEC_ALL_VIEWER=false
]
2024-04-02 03:02:58.034 DEBUG content 38496 _a-0000eb9e-312c-8000-9bf9-011c48011c48_746438 Processing reference: ContentRole[name=readers,inherit=true,allowForAll=false]
2024-04-02 03:02:58.035 DEBUG content 38496 _a-0000eb9e-312c-8000-9bf9-011c48011c48_746438 Processing reference: ContentRole[name=authors,inherit=true,allowForAll=false]
2024-04-02 03:02:58.036 DEBUG content 38496 _a-0000eb9e-312c-8000-9bf9-011c48011c48_746438 Processing reference: ContentRole[name=administrators,inherit=true,allowForAll=false]
2024-04-02 03:02:58.036 DEBUG content 38496 _a-0000eb9e-312c-8000-9bf9-011c48011c48_746438 Processing reference: ContentRole[name=denyReaders,inherit=false,allowForAll=false]
2024-04-02 03:02:58.036 DEBUG content 38496 _a-0000eb9e-312c-8000-9bf9-011c48011c48_746438 Processing reference: ContentRole[name=denyAuthors,inherit=false,allowForAll=false]
2024-04-02 03:02:58.036 DEBUG content 38496 _a-0000eb9e-312c-8000-9bf9-011c48011c48_746438 Processing reference: ContentRole[name=denyAdministrators,inherit=false,allowForAll=false]
2024-04-02 03:02:58.049 DEBUG content 38496 _a-0000eb9e-312c-8000-9bf9-011c48011c48_746438 Exporting binary resources.
2024-04-02 03:02:58.049 DEBUG content 38496 _a-0000eb9e-312c-8000-9bf9-011c48011c48_746438 Serializing object to XML.
2024-04-02 03:02:58.07 DEBUG content 38496 _a-0000eb9e-312c-8000-9bf9-011c48011c48_746438 Object transported.
